<?xml version="1.0" encoding="UTF-8"?>
<!-- Generated by org.testng.reporters.JUnitReportReporter -->
<testsuite skipped="0" hostname="DESKTOP-R9EM6AG" name="testcases.Forgotpassword" tests="1" failures="0" timestamp="02 Mar 2020 03:19:28 GMT" time="7.797" errors="0">
  <testcase name="forgotpassword" time="7.797" classname="testcases.Forgotpassword"/>
</testsuite> <!-- testcases.Forgotpassword -->
