<?xml version="1.0" encoding="UTF-8"?>
<!-- Generated by org.testng.reporters.JUnitReportReporter -->
<testsuite skipped="0" hostname="DESKTOP-R9EM6AG" name="testcases.Mandatory" tests="1" failures="0" timestamp="02 Mar 2020 03:19:28 GMT" time="3.897" errors="0">
  <testcase name="mandatory" time="3.897" classname="testcases.Mandatory"/>
</testsuite> <!-- testcases.Mandatory -->
